c:\users\abbes\onedrive\desktop\fall 2020\cse335\canadianexperience\machinelib\debug\machinelib.pch
c:\users\abbes\onedrive\desktop\fall 2020\cse335\canadianexperience\machinelib\debug\vc142.pdb
c:\users\abbes\onedrive\desktop\fall 2020\cse335\canadianexperience\machinelib\debug\vc142.idb
c:\users\abbes\onedrive\desktop\fall 2020\cse335\canadianexperience\machinelib\debug\pch.obj
c:\users\abbes\onedrive\desktop\fall 2020\cse335\canadianexperience\machinelib\debug\machinestandin.obj
c:\users\abbes\onedrive\desktop\fall 2020\cse335\canadianexperience\machinelib\debug\machinedlg.obj
c:\users\abbes\onedrive\desktop\fall 2020\cse335\canadianexperience\machinelib\debug\machinelib.obj
c:\users\abbes\onedrive\desktop\fall 2020\cse335\canadianexperience\machinelib\debug\machinefactory.obj
c:\users\abbes\onedrive\desktop\fall 2020\cse335\canadianexperience\machinelib\debug\machine.obj
c:\users\abbes\onedrive\desktop\fall 2020\cse335\canadianexperience\machinelib\debug\polygon.obj
c:\users\abbes\onedrive\desktop\fall 2020\cse335\canadianexperience\machinelib\debug\vector.obj
c:\users\abbes\onedrive\desktop\fall 2020\cse335\canadianexperience\machinelib\debug\const.obj
c:\users\abbes\onedrive\desktop\fall 2020\cse335\canadianexperience\debug\machinelib.ilk
c:\users\abbes\onedrive\desktop\fall 2020\cse335\canadianexperience\debug\machinelib.dll
c:\users\abbes\onedrive\desktop\fall 2020\cse335\canadianexperience\debug\machinelib.pdb
c:\users\abbes\onedrive\desktop\fall 2020\cse335\canadianexperience\debug\machinelib.lib
c:\users\abbes\onedrive\desktop\fall 2020\cse335\canadianexperience\debug\machinelib.exp
c:\users\abbes\onedrive\desktop\fall 2020\cse335\canadianexperience\machinelib\debug\machinelib.res
c:\users\abbes\onedrive\desktop\fall 2020\cse335\canadianexperience\machinelib\debug\machinelib.tlog\cl.command.1.tlog
c:\users\abbes\onedrive\desktop\fall 2020\cse335\canadianexperience\machinelib\debug\machinelib.tlog\cl.read.1.tlog
c:\users\abbes\onedrive\desktop\fall 2020\cse335\canadianexperience\machinelib\debug\machinelib.tlog\cl.write.1.tlog
c:\users\abbes\onedrive\desktop\fall 2020\cse335\canadianexperience\machinelib\debug\machinelib.tlog\link.command.1.tlog
c:\users\abbes\onedrive\desktop\fall 2020\cse335\canadianexperience\machinelib\debug\machinelib.tlog\link.read.1.tlog
c:\users\abbes\onedrive\desktop\fall 2020\cse335\canadianexperience\machinelib\debug\machinelib.tlog\link.write.1.tlog
c:\users\abbes\onedrive\desktop\fall 2020\cse335\canadianexperience\machinelib\debug\machinelib.tlog\machinelib.write.1u.tlog
c:\users\abbes\onedrive\desktop\fall 2020\cse335\canadianexperience\machinelib\debug\machinelib.tlog\rc.command.1.tlog
c:\users\abbes\onedrive\desktop\fall 2020\cse335\canadianexperience\machinelib\debug\machinelib.tlog\rc.read.1.tlog
c:\users\abbes\onedrive\desktop\fall 2020\cse335\canadianexperience\machinelib\debug\machinelib.tlog\rc.write.1.tlog
